<?xml version="1.0" encoding="UTF-8"?>
<robot generator="Robot 7.3.2 (Python 3.13.7 on win32)" generated="2025-09-16T14:16:37.658291" rpa="false" schemaversion="5">
<suite id="s1" name="Test Csv" source="D:\Code-001\STOGCN\SOFTWARE-lab\robot framework (Pop)\robot\tests\test_csv.robot">
<kw name="Init Results To CSV" type="SETUP">
<kw name="Create File" owner="OperatingSystem">
<msg time="2025-09-16T14:16:37.773856" level="INFO" html="true">Created file '&lt;a href="file://D:\Code-001\STOGCN\SOFTWARE-lab\robot framework (Pop)\robot\tests\results.csv"&gt;D:\Code-001\STOGCN\SOFTWARE-lab\robot framework (Pop)\robot\tests\results.csv&lt;/a&gt;'.</msg>
<arg>${results_CSV}</arg>
<arg>Test,Expected,Actual,Result\n</arg>
<doc>Creates a file with the given content and encoding.</doc>
<status status="PASS" start="2025-09-16T14:16:37.772381" elapsed="0.001748"/>
</kw>
<status status="PASS" start="2025-09-16T14:16:37.771141" elapsed="0.003289"/>
</kw>
<test id="s1-t1" name="Tc-CHECK_CONTENT_LEN-001" line="26">
<kw name="Set Test Variable" owner="BuiltIn" type="SETUP">
<msg time="2025-09-16T14:16:37.777400" level="INFO">${EXPECTED} = 5</msg>
<arg>${EXPECTED}</arg>
<arg>5</arg>
<doc>Makes a variable available everywhere within the scope of the current test.</doc>
<status status="PASS" start="2025-09-16T14:16:37.775842" elapsed="0.001700"/>
</kw>
<kw name="Set Variable" owner="BuiltIn">
<msg time="2025-09-16T14:16:37.778479" level="INFO">${text} = Hello</msg>
<var>${text}</var>
<arg>Hello</arg>
<doc>Returns the given values which can then be assigned to a variables.</doc>
<status status="PASS" start="2025-09-16T14:16:37.778149" elapsed="0.000391"/>
</kw>
<kw name="Check Length">
<kw name="Get Length" owner="BuiltIn">
<msg time="2025-09-16T14:16:37.780296" level="INFO">Length is 5.</msg>
<msg time="2025-09-16T14:16:37.780477" level="INFO">${actual} = 5</msg>
<var>${actual}</var>
<arg>${text}</arg>
<doc>Returns and logs the length of the given item as an integer.</doc>
<status status="PASS" start="2025-09-16T14:16:37.780049" elapsed="0.000484"/>
</kw>
<kw name="Set Test Variable" owner="BuiltIn">
<msg time="2025-09-16T14:16:37.781238" level="INFO">${ACTUAL} = 5</msg>
<arg>${ACTUAL}</arg>
<arg>${actual}</arg>
<doc>Makes a variable available everywhere within the scope of the current test.</doc>
<status status="PASS" start="2025-09-16T14:16:37.780790" elapsed="0.000552"/>
</kw>
<kw name="Should Be Equal As Integers" owner="BuiltIn">
<msg time="2025-09-16T14:16:37.781902" level="INFO">Argument types are:
&lt;class 'int'&gt;
&lt;class 'str'&gt;</msg>
<arg>${actual}</arg>
<arg>${expected_length}</arg>
<doc>Fails if objects are unequal after converting them to integers.</doc>
<status status="PASS" start="2025-09-16T14:16:37.781569" elapsed="0.000475"/>
</kw>
<arg>${text}</arg>
<arg>${EXPECTED}</arg>
<status status="PASS" start="2025-09-16T14:16:37.779287" elapsed="0.002898"/>
</kw>
<kw name="Append Results To CSV" type="TEARDOWN">
<kw name="Append To File" owner="OperatingSystem">
<msg time="2025-09-16T14:16:37.785085" level="INFO" html="true">Appended to file '&lt;a href="file://D:\Code-001\STOGCN\SOFTWARE-lab\robot framework (Pop)\robot\tests\results.csv"&gt;D:\Code-001\STOGCN\SOFTWARE-lab\robot framework (Pop)\robot\tests\results.csv&lt;/a&gt;'.</msg>
<arg>${results_CSV}</arg>
<arg>${TEST NAME},${EXPECTED},${ACTUAL},${TEST STATUS}\n</arg>
<doc>Appends the given content to the specified file.</doc>
<status status="PASS" start="2025-09-16T14:16:37.783604" elapsed="0.001715"/>
</kw>
<status status="PASS" start="2025-09-16T14:16:37.782967" elapsed="0.002577"/>
</kw>
<doc>Check content length of a string</doc>
<tag>positive</tag>
<status status="PASS" start="2025-09-16T14:16:37.774620" elapsed="0.011341"/>
</test>
<test id="s1-t2" name="Tc-CHECK_CONTENT_LEN-002" line="33">
<kw name="Set Test Variable" owner="BuiltIn" type="SETUP">
<msg time="2025-09-16T14:16:37.792686" level="INFO">${EXPECTED} = 10</msg>
<arg>${EXPECTED}</arg>
<arg>10</arg>
<doc>Makes a variable available everywhere within the scope of the current test.</doc>
<status status="PASS" start="2025-09-16T14:16:37.790153" elapsed="0.002704"/>
</kw>
<kw name="Set Variable" owner="BuiltIn">
<msg time="2025-09-16T14:16:37.793861" level="INFO">${text} = HiHiHiHiHi</msg>
<var>${text}</var>
<arg>HiHiHiHiHi</arg>
<doc>Returns the given values which can then be assigned to a variables.</doc>
<status status="PASS" start="2025-09-16T14:16:37.793536" elapsed="0.000402"/>
</kw>
<kw name="Check Length">
<kw name="Get Length" owner="BuiltIn">
<msg time="2025-09-16T14:16:37.795344" level="INFO">Length is 10.</msg>
<msg time="2025-09-16T14:16:37.795504" level="INFO">${actual} = 10</msg>
<var>${actual}</var>
<arg>${text}</arg>
<doc>Returns and logs the length of the given item as an integer.</doc>
<status status="PASS" start="2025-09-16T14:16:37.795085" elapsed="0.000489"/>
</kw>
<kw name="Set Test Variable" owner="BuiltIn">
<msg time="2025-09-16T14:16:37.796588" level="INFO">${ACTUAL} = 10</msg>
<arg>${ACTUAL}</arg>
<arg>${actual}</arg>
<doc>Makes a variable available everywhere within the scope of the current test.</doc>
<status status="PASS" start="2025-09-16T14:16:37.795884" elapsed="0.000821"/>
</kw>
<kw name="Should Be Equal As Integers" owner="BuiltIn">
<msg time="2025-09-16T14:16:37.797295" level="INFO">Argument types are:
&lt;class 'int'&gt;
&lt;class 'str'&gt;</msg>
<arg>${actual}</arg>
<arg>${expected_length}</arg>
<doc>Fails if objects are unequal after converting them to integers.</doc>
<status status="PASS" start="2025-09-16T14:16:37.796931" elapsed="0.000495"/>
</kw>
<arg>${text}</arg>
<arg>${EXPECTED}</arg>
<status status="PASS" start="2025-09-16T14:16:37.794442" elapsed="0.003115"/>
</kw>
<kw name="Append Results To CSV" type="TEARDOWN">
<kw name="Append To File" owner="OperatingSystem">
<msg time="2025-09-16T14:16:37.800019" level="INFO" html="true">Appended to file '&lt;a href="file://D:\Code-001\STOGCN\SOFTWARE-lab\robot framework (Pop)\robot\tests\results.csv"&gt;D:\Code-001\STOGCN\SOFTWARE-lab\robot framework (Pop)\robot\tests\results.csv&lt;/a&gt;'.</msg>
<arg>${results_CSV}</arg>
<arg>${TEST NAME},${EXPECTED},${ACTUAL},${TEST STATUS}\n</arg>
<doc>Appends the given content to the specified file.</doc>
<status status="PASS" start="2025-09-16T14:16:37.798852" elapsed="0.001393"/>
</kw>
<status status="PASS" start="2025-09-16T14:16:37.798274" elapsed="0.002133"/>
</kw>
<doc>Check content length of a string - negative case</doc>
<tag>negative</tag>
<status status="PASS" start="2025-09-16T14:16:37.787517" elapsed="0.013184"/>
</test>
<status status="PASS" start="2025-09-16T14:16:37.662032" elapsed="0.140463"/>
</suite>
<statistics>
<total>
<stat pass="2" fail="0" skip="0">All Tests</stat>
</total>
<tag>
<stat pass="1" fail="0" skip="0">negative</stat>
<stat pass="1" fail="0" skip="0">positive</stat>
</tag>
<suite>
<stat name="Test Csv" id="s1" pass="2" fail="0" skip="0">Test Csv</stat>
</suite>
</statistics>
<errors>
</errors>
</robot>
