<?xml version="1.0" encoding="UTF-8"?>
<robot generator="Robot 7.3.2 (Python 3.13.7 on win32)" generated="2025-09-11T16:36:32.840296" rpa="false" schemaversion="5">
<suite id="s1" name="Hello" source="D:\Code-001\STOGCN\SOFTWARE-lab\robot framework (Pop)\robot\hello.robot">
<test id="s1-t1" name="My test case" line="2">
<kw name="Log" owner="BuiltIn">
<msg time="2025-09-11T16:36:32.933111" level="INFO">Hello, Robot Framework!</msg>
<arg>Hello, Robot Framework!</arg>
<doc>Logs the given message with the given level.</doc>
<status status="PASS" start="2025-09-11T16:36:32.932737" elapsed="0.000433"/>
</kw>
<status status="PASS" start="2025-09-11T16:36:32.931945" elapsed="0.001813"/>
</test>
<test id="s1-t2" name="My second test case" line="5">
<kw name="Log" owner="BuiltIn">
<msg time="2025-09-11T16:36:32.935374" level="INFO">This is another test case.</msg>
<arg>This is another test case.</arg>
<doc>Logs the given message with the given level.</doc>
<status status="PASS" start="2025-09-11T16:36:32.935244" elapsed="0.000179"/>
</kw>
<status status="PASS" start="2025-09-11T16:36:32.934677" elapsed="0.000943"/>
</test>
<status status="PASS" start="2025-09-11T16:36:32.842552" elapsed="0.093913"/>
</suite>
<statistics>
<total>
<stat pass="2" fail="0" skip="0">All Tests</stat>
</total>
<tag>
</tag>
<suite>
<stat name="Hello" id="s1" pass="2" fail="0" skip="0">Hello</stat>
</suite>
</statistics>
<errors>
</errors>
</robot>
